2025-05-18 13:59:43,730 - INFO - \U0001f680 Starting API Extraction from "https://raw.githubusercontent.com/vega/vega-datasets/master/data/movies.json"
2025-05-18 13:59:43,741 - ERROR - \u274c API Extraction Failed: No connection adapters were found for '"https://raw.githubusercontent.com/vega/vega-datasets/master/data/movies.json"'

2025-05-18 13:59:43,742 - INFO - \U0001f4e6 Extracting API Done \u2705

2025-05-18 13:59:43,742 - INFO - --------------------------------------------------
2025-05-18 14:03:49,262 - INFO - \U0001f680 Starting API Extraction from "https://raw.githubusercontent.com/vega/vega-datasets/master/data/movies.json"
2025-05-18 14:03:49,268 - ERROR - \u274c API Extraction Failed: No connection adapters were found for '"https://raw.githubusercontent.com/vega/vega-datasets/master/data/movies.json"'

2025-05-18 14:03:49,270 - INFO - \U0001f4e6 Extracting API Done \u2705

2025-05-18 14:03:49,270 - INFO - --------------------------------------------------
2025-05-18 14:07:29,422 - INFO - \U0001f680 Starting API Extraction from https://raw.githubusercontent.com/vega/vega-datasets/master/data/movies.json
2025-05-18 14:07:30,526 - INFO - \u2705 API Extraction Successful
2025-05-18 14:07:30,526 - INFO - \U0001f4e6 Extracting API Done \u2705

2025-05-18 14:07:30,526 - INFO - --------------------------------------------------
2025-05-18 14:07:30,527 - INFO - \U0001f680 Started Data Transformation
2025-05-18 14:07:30,550 - INFO - \U0001f520 Converting Column Names to UPPERCASE
2025-05-18 14:07:30,555 - INFO - \U0001f3ac Cleaning TITLE column
2025-05-18 14:07:30,590 - INFO - \U0001f4b5 Filling US_GROSS with Mean
2025-05-18 14:07:30,592 - INFO - \U0001f30d Filling WORLDWIDE_GROSS with Mean
2025-05-18 14:07:30,594 - INFO - \U0001f4c0 Filling US_DVD_SALES with Mean and Formatting
2025-05-18 14:07:30,604 - INFO - \U0001f4b0 Dropping rows with missing PRODUCTION_BUDGET
2025-05-18 14:07:30,610 - INFO - \U0001f4c5 Converting RELEASE_DATE to Datetime
2025-05-18 14:07:30,737 - INFO - \U0001f3ad Cleaning MPAA_RATING
2025-05-18 14:07:31,086 - INFO - \u23f1\ufe0f Cleaning RUNNING_TIME_MIN
2025-05-18 14:07:31,510 - INFO - \U0001f3e2 Cleaning DISTRIBUTOR
2025-05-18 14:07:31,653 - INFO - \U0001f5d1\ufe0f Dropping Unnecessary Columns
2025-05-18 14:07:31,658 - INFO - \U0001f39e\ufe0f Cleaning MAJOR_GENRE
2025-05-18 14:07:31,801 - INFO - \U0001f3ac Cleaning DIRECTOR
2025-05-18 14:07:32,352 - INFO - \u2b50 Cleaning IMDB_RATING
2025-05-18 14:07:32,413 - INFO - \U0001f5f3\ufe0f Cleaning IMDB_VOTES
2025-05-18 14:07:32,479 - INFO - \U0001f4ca NULLs per column:
TITLE                0
US_GROSS             0
WORLDWIDE_GROSS      0
US_DVD_SALES         0
PRODUCTION_BUDGET    0
RELEASE_DATE         0
MPAA_RATING          0
RUNNING_TIME_MIN     0
DISTRIBUTOR          0
MAJOR_GENRE          0
DIRECTOR             0
IMDB_RATING          0
IMDB_VOTES           0
2025-05-18 14:07:32,480 - INFO - \U0001f4c8 Shape: 3166 rows × 13 columns
2025-05-18 14:07:32,480 - INFO - \u2705 Data Cleaning Complete!
2025-05-18 14:07:32,480 - INFO - \U0001f3c1 Finished Data Cleaning Process
2025-05-18 14:07:32,480 - INFO - --------------------------------------------------------------

2025-05-18 14:07:32,480 - INFO - \U0001f517 Connecting to Snowflake...
2025-05-18 14:07:32,482 - INFO - Snowflake Connector for Python Version: 3.13.2, Python Version: 3.12.4, Platform: Windows-11-10.0.26100-SP0
2025-05-18 14:07:32,482 - INFO - Connecting to GLOBAL Snowflake domain
2025-05-18 14:07:32,483 - INFO - This connection is in OCSP Fail Open Mode. TLS Certificates would be checked for validity and revocation status. Any other Certificate Revocation related exceptions or OCSP Responder failures would be disregarded in favor of connectivity.
2025-05-18 14:07:37,621 - INFO - \U0001f4e4 Loading Cleaned Data into Snowflake...
2025-05-18 14:07:51,432 - INFO - \u2705 Uploaded 3166 rows in Snowflake.
2025-05-18 14:07:51,433 - INFO - Data Loading Completed \u2705
2025-05-18 14:07:51,433 - INFO - --------------------------------------------

2025-05-18 14:07:51,433 - INFO - ETL Pipeline Finished Successfully \u2705
2025-05-18 14:07:51,436 - INFO - closed
2025-05-18 14:07:51,437 - INFO - No async queries seem to be running, deleting session
